<?xml version="1.0" encoding="UTF-8"?>
<!-- Generated by org.testng.reporters.JUnitReportReporter -->
<testsuite hostname="ubuntu1804" failures="0" tests="1" name="GettingStarted" time="16.306" errors="0" timestamp="2019-11-19T19:33:08 EST" skipped="0">
  <testcase classname="GettingStarted" name="testGoogleSearch" time="16.306"/>
</testsuite> <!-- GettingStarted -->
